#! /usr/bin/vvp
:ivl_version "11.0 (stable)";
:ivl_delay_selection "TYPICAL";
:vpi_time_precision - 12;
:vpi_module "/usr/lib/x86_64-linux-gnu/ivl/system.vpi";
:vpi_module "/usr/lib/x86_64-linux-gnu/ivl/vhdl_sys.vpi";
:vpi_module "/usr/lib/x86_64-linux-gnu/ivl/vhdl_textio.vpi";
:vpi_module "/usr/lib/x86_64-linux-gnu/ivl/v2005_math.vpi";
:vpi_module "/usr/lib/x86_64-linux-gnu/ivl/va_math.vpi";
:vpi_module "/usr/lib/x86_64-linux-gnu/ivl/v2009.vpi";
S_0x56a171bf4620 .scope package, "$unit" "$unit" 2 1;
 .timescale 0 0;
S_0x56a171bf47b0 .scope module, "tb_alu_4bit" "tb_alu_4bit" 3 3;
 .timescale -9 -12;
v0x56a171c14540_0 .var "A", 3 0;
v0x56a171c14620_0 .var "ALU_CTRL", 2 0;
v0x56a171c146f0_0 .var "B", 3 0;
v0x56a171c147f0_0 .net "CARRY_OUT", 0 0, v0x56a171c13c30_0;  1 drivers
v0x56a171c148c0_0 .net "OVERFLOW", 0 0, v0x56a171c13cf0_0;  1 drivers
v0x56a171c14960_0 .net "RESULT", 3 0, v0x56a171c13e00_0;  1 drivers
v0x56a171c14a30_0 .net "ZERO", 0 0, v0x56a171c13ee0_0;  1 drivers
v0x56a171c14b00_0 .var "scan_enable", 0 0;
v0x56a171c14bd0_0 .var "scan_in", 0 0;
v0x56a171c14ca0_0 .net "scan_out", 0 0, L_0x56a171bdca20;  1 drivers
S_0x56a171bb40f0 .scope task, "apply" "apply" 3 41, 3 41 0, S_0x56a171bf47b0;
 .timescale -9 -12;
v0x56a171bb42d0_0 .var "a_in", 3 0;
v0x56a171c13480_0 .var "b_in", 3 0;
v0x56a171c13560_0 .var "op_in", 2 0;
TD_tb_alu_4bit.apply ;
    %load/vec4 v0x56a171bb42d0_0;
    %store/vec4 v0x56a171c14540_0, 0, 4;
    %load/vec4 v0x56a171c13480_0;
    %store/vec4 v0x56a171c146f0_0, 0, 4;
    %load/vec4 v0x56a171c13560_0;
    %store/vec4 v0x56a171c14620_0, 0, 3;
    %delay 10000, 0;
    %vpi_call/w 3 50 "$display", "A=%b B=%b OP=%b | RESULT=%b CARRY=%b OVF=%b ZERO=%b", v0x56a171c14540_0, v0x56a171c146f0_0, v0x56a171c14620_0, v0x56a171c14960_0, v0x56a171c147f0_0, v0x56a171c148c0_0, v0x56a171c14a30_0 {0 0 0};
    %end;
S_0x56a171c13620 .scope module, "dut" "alu_4bit" 3 21, 4 10 0, S_0x56a171bf47b0;
 .timescale -9 -12;
    .port_info 0 /INPUT 4 "A";
    .port_info 1 /INPUT 4 "B";
    .port_info 2 /INPUT 3 "ALU_CTRL";
    .port_info 3 /OUTPUT 4 "RESULT";
    .port_info 4 /OUTPUT 1 "CARRY_OUT";
    .port_info 5 /OUTPUT 1 "OVERFLOW";
    .port_info 6 /OUTPUT 1 "ZERO";
    .port_info 7 /INPUT 1 "scan_enable";
    .port_info 8 /INPUT 1 "scan_in";
    .port_info 9 /OUTPUT 1 "scan_out";
L_0x56a171bdca20 .functor BUFZ 1, v0x56a171c14bd0_0, C4<0>, C4<0>, C4<0>;
v0x56a171c13960_0 .net "A", 3 0, v0x56a171c14540_0;  1 drivers
v0x56a171c13a60_0 .net "ALU_CTRL", 2 0, v0x56a171c14620_0;  1 drivers
v0x56a171c13b40_0 .net "B", 3 0, v0x56a171c146f0_0;  1 drivers
v0x56a171c13c30_0 .var "CARRY_OUT", 0 0;
v0x56a171c13cf0_0 .var "OVERFLOW", 0 0;
v0x56a171c13e00_0 .var "RESULT", 3 0;
v0x56a171c13ee0_0 .var "ZERO", 0 0;
v0x56a171c13fa0_0 .net "scan_enable", 0 0, v0x56a171c14b00_0;  1 drivers
v0x56a171c14060_0 .net "scan_in", 0 0, v0x56a171c14bd0_0;  1 drivers
v0x56a171c14120_0 .net "scan_out", 0 0, L_0x56a171bdca20;  alias, 1 drivers
v0x56a171c141e0_0 .var "sub_ext", 4 0;
v0x56a171c142c0_0 .var "sum_ext", 4 0;
E_0x56a171bee640/0 .event edge, v0x56a171c13a60_0, v0x56a171c13960_0, v0x56a171c13b40_0, v0x56a171c142c0_0;
E_0x56a171bee640/1 .event edge, v0x56a171c13e00_0, v0x56a171c141e0_0;
E_0x56a171bee640 .event/or E_0x56a171bee640/0, E_0x56a171bee640/1;
    .scope S_0x56a171c13620;
T_1 ;
    %wait E_0x56a171bee640;
    %pushi/vec4 0, 0, 4;
    %store/vec4 v0x56a171c13e00_0, 0, 4;
    %pushi/vec4 0, 0, 1;
    %store/vec4 v0x56a171c13c30_0, 0, 1;
    %pushi/vec4 0, 0, 1;
    %store/vec4 v0x56a171c13cf0_0, 0, 1;
    %pushi/vec4 1, 0, 1;
    %store/vec4 v0x56a171c13ee0_0, 0, 1;
    %pushi/vec4 0, 0, 5;
    %store/vec4 v0x56a171c142c0_0, 0, 5;
    %pushi/vec4 0, 0, 5;
    %store/vec4 v0x56a171c141e0_0, 0, 5;
    %load/vec4 v0x56a171c13a60_0;
    %dup/vec4;
    %pushi/vec4 0, 0, 3;
    %cmp/u;
    %jmp/1 T_1.0, 6;
    %dup/vec4;
    %pushi/vec4 1, 0, 3;
    %cmp/u;
    %jmp/1 T_1.1, 6;
    %dup/vec4;
    %pushi/vec4 2, 0, 3;
    %cmp/u;
    %jmp/1 T_1.2, 6;
    %dup/vec4;
    %pushi/vec4 3, 0, 3;
    %cmp/u;
    %jmp/1 T_1.3, 6;
    %dup/vec4;
    %pushi/vec4 4, 0, 3;
    %cmp/u;
    %jmp/1 T_1.4, 6;
    %dup/vec4;
    %pushi/vec4 5, 0, 3;
    %cmp/u;
    %jmp/1 T_1.5, 6;
    %dup/vec4;
    %pushi/vec4 6, 0, 3;
    %cmp/u;
    %jmp/1 T_1.6, 6;
    %dup/vec4;
    %pushi/vec4 7, 0, 3;
    %cmp/u;
    %jmp/1 T_1.7, 6;
    %jmp T_1.8;
T_1.0 ;
    %pushi/vec4 0, 0, 1;
    %load/vec4 v0x56a171c13960_0;
    %concat/vec4; draw_concat_vec4
    %pushi/vec4 0, 0, 1;
    %load/vec4 v0x56a171c13b40_0;
    %concat/vec4; draw_concat_vec4
    %add;
    %store/vec4 v0x56a171c142c0_0, 0, 5;
    %load/vec4 v0x56a171c142c0_0;
    %parti/s 4, 0, 2;
    %store/vec4 v0x56a171c13e00_0, 0, 4;
    %load/vec4 v0x56a171c142c0_0;
    %parti/s 1, 4, 4;
    %store/vec4 v0x56a171c13c30_0, 0, 1;
    %load/vec4 v0x56a171c13960_0;
    %parti/s 1, 3, 3;
    %load/vec4 v0x56a171c13b40_0;
    %parti/s 1, 3, 3;
    %xor;
    %inv;
    %load/vec4 v0x56a171c13e00_0;
    %parti/s 1, 3, 3;
    %load/vec4 v0x56a171c13960_0;
    %parti/s 1, 3, 3;
    %xor;
    %and;
    %store/vec4 v0x56a171c13cf0_0, 0, 1;
    %jmp T_1.8;
T_1.1 ;
    %pushi/vec4 0, 0, 1;
    %load/vec4 v0x56a171c13960_0;
    %concat/vec4; draw_concat_vec4
    %pushi/vec4 0, 0, 1;
    %load/vec4 v0x56a171c13b40_0;
    %inv;
    %addi 1, 0, 4;
    %concat/vec4; draw_concat_vec4
    %add;
    %store/vec4 v0x56a171c141e0_0, 0, 5;
    %load/vec4 v0x56a171c141e0_0;
    %parti/s 4, 0, 2;
    %store/vec4 v0x56a171c13e00_0, 0, 4;
    %load/vec4 v0x56a171c141e0_0;
    %parti/s 1, 4, 4;
    %store/vec4 v0x56a171c13c30_0, 0, 1;
    %load/vec4 v0x56a171c13960_0;
    %parti/s 1, 3, 3;
    %load/vec4 v0x56a171c13b40_0;
    %parti/s 1, 3, 3;
    %xor;
    %load/vec4 v0x56a171c13e00_0;
    %parti/s 1, 3, 3;
    %load/vec4 v0x56a171c13960_0;
    %parti/s 1, 3, 3;
    %xor;
    %and;
    %store/vec4 v0x56a171c13cf0_0, 0, 1;
    %jmp T_1.8;
T_1.2 ;
    %load/vec4 v0x56a171c13960_0;
    %load/vec4 v0x56a171c13b40_0;
    %and;
    %store/vec4 v0x56a171c13e00_0, 0, 4;
    %jmp T_1.8;
T_1.3 ;
    %load/vec4 v0x56a171c13960_0;
    %load/vec4 v0x56a171c13b40_0;
    %or;
    %store/vec4 v0x56a171c13e00_0, 0, 4;
    %jmp T_1.8;
T_1.4 ;
    %load/vec4 v0x56a171c13960_0;
    %load/vec4 v0x56a171c13b40_0;
    %xor;
    %store/vec4 v0x56a171c13e00_0, 0, 4;
    %jmp T_1.8;
T_1.5 ;
    %load/vec4 v0x56a171c13960_0;
    %inv;
    %store/vec4 v0x56a171c13e00_0, 0, 4;
    %jmp T_1.8;
T_1.6 ;
    %load/vec4 v0x56a171c13960_0;
    %store/vec4 v0x56a171c13e00_0, 0, 4;
    %jmp T_1.8;
T_1.7 ;
    %load/vec4 v0x56a171c13b40_0;
    %store/vec4 v0x56a171c13e00_0, 0, 4;
    %jmp T_1.8;
T_1.8 ;
    %pop/vec4 1;
    %load/vec4 v0x56a171c13e00_0;
    %pushi/vec4 0, 0, 4;
    %cmp/e;
    %flag_get/vec4 4;
    %store/vec4 v0x56a171c13ee0_0, 0, 1;
    %jmp T_1;
    .thread T_1, $push;
    .scope S_0x56a171bf47b0;
T_2 ;
    %vpi_call/w 3 36 "$dumpfile", "alu.vcd" {0 0 0};
    %vpi_call/w 3 37 "$dumpvars", 32'sb00000000000000000000000000000000, S_0x56a171bf47b0 {0 0 0};
    %end;
    .thread T_2;
    .scope S_0x56a171bf47b0;
T_3 ;
    %pushi/vec4 0, 0, 4;
    %store/vec4 v0x56a171c14540_0, 0, 4;
    %pushi/vec4 0, 0, 4;
    %store/vec4 v0x56a171c146f0_0, 0, 4;
    %pushi/vec4 0, 0, 3;
    %store/vec4 v0x56a171c14620_0, 0, 3;
    %pushi/vec4 0, 0, 1;
    %store/vec4 v0x56a171c14b00_0, 0, 1;
    %pushi/vec4 0, 0, 1;
    %store/vec4 v0x56a171c14bd0_0, 0, 1;
    %delay 10000, 0;
    %pushi/vec4 5, 0, 4;
    %store/vec4 v0x56a171bb42d0_0, 0, 4;
    %pushi/vec4 3, 0, 4;
    %store/vec4 v0x56a171c13480_0, 0, 4;
    %pushi/vec4 0, 0, 3;
    %store/vec4 v0x56a171c13560_0, 0, 3;
    %fork TD_tb_alu_4bit.apply, S_0x56a171bb40f0;
    %join;
    %pushi/vec4 7, 0, 4;
    %store/vec4 v0x56a171bb42d0_0, 0, 4;
    %pushi/vec4 9, 0, 4;
    %store/vec4 v0x56a171c13480_0, 0, 4;
    %pushi/vec4 0, 0, 3;
    %store/vec4 v0x56a171c13560_0, 0, 3;
    %fork TD_tb_alu_4bit.apply, S_0x56a171bb40f0;
    %join;
    %pushi/vec4 9, 0, 4;
    %store/vec4 v0x56a171bb42d0_0, 0, 4;
    %pushi/vec4 4, 0, 4;
    %store/vec4 v0x56a171c13480_0, 0, 4;
    %pushi/vec4 1, 0, 3;
    %store/vec4 v0x56a171c13560_0, 0, 3;
    %fork TD_tb_alu_4bit.apply, S_0x56a171bb40f0;
    %join;
    %pushi/vec4 4, 0, 4;
    %store/vec4 v0x56a171bb42d0_0, 0, 4;
    %pushi/vec4 9, 0, 4;
    %store/vec4 v0x56a171c13480_0, 0, 4;
    %pushi/vec4 1, 0, 3;
    %store/vec4 v0x56a171c13560_0, 0, 3;
    %fork TD_tb_alu_4bit.apply, S_0x56a171bb40f0;
    %join;
    %pushi/vec4 12, 0, 4;
    %store/vec4 v0x56a171bb42d0_0, 0, 4;
    %pushi/vec4 10, 0, 4;
    %store/vec4 v0x56a171c13480_0, 0, 4;
    %pushi/vec4 2, 0, 3;
    %store/vec4 v0x56a171c13560_0, 0, 3;
    %fork TD_tb_alu_4bit.apply, S_0x56a171bb40f0;
    %join;
    %pushi/vec4 12, 0, 4;
    %store/vec4 v0x56a171bb42d0_0, 0, 4;
    %pushi/vec4 10, 0, 4;
    %store/vec4 v0x56a171c13480_0, 0, 4;
    %pushi/vec4 3, 0, 3;
    %store/vec4 v0x56a171c13560_0, 0, 3;
    %fork TD_tb_alu_4bit.apply, S_0x56a171bb40f0;
    %join;
    %pushi/vec4 12, 0, 4;
    %store/vec4 v0x56a171bb42d0_0, 0, 4;
    %pushi/vec4 10, 0, 4;
    %store/vec4 v0x56a171c13480_0, 0, 4;
    %pushi/vec4 4, 0, 3;
    %store/vec4 v0x56a171c13560_0, 0, 3;
    %fork TD_tb_alu_4bit.apply, S_0x56a171bb40f0;
    %join;
    %pushi/vec4 10, 0, 4;
    %store/vec4 v0x56a171bb42d0_0, 0, 4;
    %pushi/vec4 0, 0, 4;
    %store/vec4 v0x56a171c13480_0, 0, 4;
    %pushi/vec4 5, 0, 3;
    %store/vec4 v0x56a171c13560_0, 0, 3;
    %fork TD_tb_alu_4bit.apply, S_0x56a171bb40f0;
    %join;
    %pushi/vec4 6, 0, 4;
    %store/vec4 v0x56a171bb42d0_0, 0, 4;
    %pushi/vec4 0, 0, 4;
    %store/vec4 v0x56a171c13480_0, 0, 4;
    %pushi/vec4 6, 0, 3;
    %store/vec4 v0x56a171c13560_0, 0, 3;
    %fork TD_tb_alu_4bit.apply, S_0x56a171bb40f0;
    %join;
    %pushi/vec4 0, 0, 4;
    %store/vec4 v0x56a171bb42d0_0, 0, 4;
    %pushi/vec4 15, 0, 4;
    %store/vec4 v0x56a171c13480_0, 0, 4;
    %pushi/vec4 7, 0, 3;
    %store/vec4 v0x56a171c13560_0, 0, 3;
    %fork TD_tb_alu_4bit.apply, S_0x56a171bb40f0;
    %join;
    %delay 20000, 0;
    %vpi_call/w 3 93 "$display", "Simulation Finished" {0 0 0};
    %vpi_call/w 3 94 "$finish" {0 0 0};
    %end;
    .thread T_3;
# The file index is used to find the file name in the following table.
:file_names 5;
    "N/A";
    "<interactive>";
    "-";
    "4bitalu_tb.v";
    "4bitalu.v";
